<?xml version="1.0" encoding="UTF-8"?>
<project>
    <groupId>test-group</groupId>
    <artifactId>test-artifact</artifactId>
    <version>1.0.0</version>
    <parent>
        <groupId>test-group</groupId>
        <artifactId>test-artifact</artifactId>
        <version>1.0.0</version>
    </parent>
    <name>test-name</name>
    <description>test-description</description>
    <url>https://meilcli.net</url>
    <organization>
        <name>test-organization</name>
    </organization>
    <licenses>
        <license>
            <name>The Apache License, Version 2.0</name>
            <url>http://www.apache.org/licenses/LICENSE-2.0.txt</url>
        </license>
    </licenses>
    <developers>
        <developer>
            <name>test-name</name>
            <organization>test-organization</organization>
        </developer>
    </developers>
</project>